<?xml version="1.0" encoding="UTF-8"?>
<!-- Generated by org.testng.reporters.JUnitReportReporter -->
<testsuite hostname="LAPTOP-G4TED986" failures="0" tests="1" name="testcases_CURA.TC_LoginPage_CURA2" time="7.412" errors="0" timestamp="2024-05-28T08:37:36 IST" skipped="0">
  <testcase classname="testcases_CURA.TC_LoginPage_CURA2" name="logintest" time="7.412"/>
</testsuite> <!-- testcases_CURA.TC_LoginPage_CURA2 -->
